This file contains any messages produced by compilers while
running configure, to aid debugging if configure makes a mistake.

It was created by spglib configure 1.0.8, which was
generated by GNU Autoconf 2.69.  Invocation command line was

  $ ./configure --no-create --no-recursion

## --------- ##
## Platform. ##
## --------- ##

hostname = alex-t5600
uname -m = x86_64
uname -r = 3.5.0-25-generic
uname -s = Linux
uname -v = #39-Ubuntu SMP Mon Feb 25 18:26:58 UTC 2013

/usr/bin/uname -p = unknown
/bin/uname -X     = unknown

/bin/arch              = unknown
/usr/bin/arch -k       = unknown
/usr/convex/getsysinfo = unknown
/usr/bin/hostinfo      = unknown
/bin/machine           = unknown
/usr/bin/oslevel       = unknown
/bin/universe          = unknown

PATH: .
PATH: /home/aurban/bin
PATH: /home/aurban/local/bin
PATH: /home/aurban/scripts
PATH: /home/aurban/scripts/vasp-tools
PATH: /home/aurban/scripts/python-scripts
PATH: /usr/sbin
PATH: /usr/bin
PATH: /sbin
PATH: /bin
PATH: /usr/games
PATH: /usr/local/sbin
PATH: /usr/local/bin
PATH: /opt/intel/composer_xe_2013.1.117/bin/intel64
PATH: /opt/intel/composer_xe_2013.1.117/mpirt/bin/intel64
PATH: /opt/intel/composer_xe_2013.1.117/bin/intel64
PATH: /opt/intel/composer_xe_2013.1.117/bin/intel64_mic
PATH: /opt/intel/composer_xe_2013.1.117/debugger/gui/intel64
PATH: /usr/lib/lightdm/lightdm
PATH: /usr/local/sbin
PATH: /usr/local/bin
PATH: /usr/sbin
PATH: /usr/bin
PATH: /sbin
PATH: /bin
PATH: /usr/games
PATH: /usr/local/games


## ----------- ##
## Core tests. ##
## ----------- ##

configure:2375: checking for a BSD-compatible install
configure:2443: result: /usr/bin/install -c
configure:2454: checking whether build environment is sane
configure:2504: result: yes
configure:2645: checking for a thread-safe mkdir -p
configure:2684: result: /bin/mkdir -p
configure:2697: checking for gawk
configure:2713: found /usr/bin/gawk
configure:2724: result: gawk
configure:2735: checking whether make sets $(MAKE)
configure:2757: result: yes
configure:2891: checking for gcc
configure:2907: found /usr/bin/gcc
configure:2918: result: gcc
configure:3147: checking for C compiler version
configure:3156: gcc --version >&5
gcc (Ubuntu/Linaro 4.7.2-2ubuntu1) 4.7.2
Copyright (C) 2012 Free Software Foundation, Inc.
This is free software; see the source for copying conditions.  There is NO
warranty; not even for MERCHANTABILITY or FITNESS FOR A PARTICULAR PURPOSE.

configure:3167: $? = 0
configure:3156: gcc -v >&5
Using built-in specs.
COLLECT_GCC=gcc
COLLECT_LTO_WRAPPER=/usr/lib/gcc/x86_64-linux-gnu/4.7/lto-wrapper
Target: x86_64-linux-gnu
Configured with: ../src/configure -v --with-pkgversion='Ubuntu/Linaro 4.7.2-2ubuntu1' --with-bugurl=file:///usr/share/doc/gcc-4.7/README.Bugs --enable-languages=c,c++,go,fortran,objc,obj-c++ --prefix=/usr --program-suffix=-4.7 --enable-shared --enable-linker-build-id --with-system-zlib --libexecdir=/usr/lib --without-included-gettext --enable-threads=posix --with-gxx-include-dir=/usr/include/c++/4.7 --libdir=/usr/lib --enable-nls --with-sysroot=/ --enable-clocale=gnu --enable-libstdcxx-debug --enable-libstdcxx-time=yes --enable-gnu-unique-object --enable-plugin --enable-objc-gc --disable-werror --with-arch-32=i686 --with-tune=generic --enable-checking=release --build=x86_64-linux-gnu --host=x86_64-linux-gnu --target=x86_64-linux-gnu
Thread model: posix
gcc version 4.7.2 (Ubuntu/Linaro 4.7.2-2ubuntu1) 
configure:3167: $? = 0
configure:3156: gcc -V >&5
gcc: error: unrecognized command line option '-V'
gcc: fatal error: no input files
compilation terminated.
configure:3167: $? = 4
configure:3156: gcc -qversion >&5
gcc: error: unrecognized command line option '-qversion'
gcc: fatal error: no input files
compilation terminated.
configure:3167: $? = 4
configure:3187: checking whether the C compiler works
configure:3209: gcc    conftest.c  >&5
configure:3213: $? = 0
configure:3261: result: yes
configure:3264: checking for C compiler default output file name
configure:3266: result: a.out
configure:3272: checking for suffix of executables
configure:3279: gcc -o conftest    conftest.c  >&5
configure:3283: $? = 0
configure:3305: result: 
configure:3327: checking whether we are cross compiling
configure:3335: gcc -o conftest    conftest.c  >&5
configure:3339: $? = 0
configure:3346: ./conftest
configure:3350: $? = 0
configure:3365: result: no
configure:3370: checking for suffix of object files
configure:3392: gcc -c   conftest.c >&5
configure:3396: $? = 0
configure:3417: result: o
configure:3421: checking whether we are using the GNU C compiler
configure:3440: gcc -c   conftest.c >&5
configure:3440: $? = 0
configure:3449: result: yes
configure:3458: checking whether gcc accepts -g
configure:3478: gcc -c -g  conftest.c >&5
configure:3478: $? = 0
configure:3519: result: yes
configure:3536: checking for gcc option to accept ISO C89
configure:3599: gcc  -c -g -O2  conftest.c >&5
configure:3599: $? = 0
configure:3612: result: none needed
configure:3643: checking for style of include used by make
configure:3671: result: GNU
configure:3697: checking dependency style of gcc
configure:3808: result: gcc3
configure:3825: checking whether gcc and cc understand -c and -o together
configure:3856: gcc -c conftest.c -o conftest2.o >&5
configure:3860: $? = 0
configure:3866: gcc -c conftest.c -o conftest2.o >&5
configure:3870: $? = 0
configure:3881: cc -c conftest.c >&5
configure:3885: $? = 0
configure:3893: cc -c conftest.c -o conftest2.o >&5
configure:3897: $? = 0
configure:3903: cc -c conftest.c -o conftest2.o >&5
configure:3907: $? = 0
configure:3925: result: yes
configure:3979: checking build system type
configure:3993: result: x86_64-unknown-linux-gnu
configure:4013: checking host system type
configure:4026: result: x86_64-unknown-linux-gnu
configure:4046: checking for a sed that does not truncate output
configure:4110: result: /bin/sed
configure:4128: checking for grep that handles long lines and -e
configure:4186: result: /bin/grep
configure:4191: checking for egrep
configure:4253: result: /bin/grep -E
configure:4258: checking for fgrep
configure:4320: result: /bin/grep -F
configure:4355: checking for ld used by gcc
configure:4422: result: /usr/bin/ld
configure:4429: checking if the linker (/usr/bin/ld) is GNU ld
configure:4444: result: yes
configure:4456: checking for BSD- or MS-compatible name lister (nm)
configure:4505: result: /usr/bin/nm -B
configure:4623: checking the name lister (/usr/bin/nm -B) interface
configure:4630: gcc -c -g -O2  conftest.c >&5
configure:4633: /usr/bin/nm -B "conftest.o"
configure:4636: output
0000000000000000 B some_variable
configure:4643: result: BSD nm
configure:4646: checking whether ln -s works
configure:4650: result: yes
configure:4658: checking the maximum length of command line arguments
configure:4778: result: 3458764513820540925
configure:4795: checking whether the shell understands some XSI constructs
configure:4805: result: yes
configure:4809: checking whether the shell understands "+="
configure:4815: result: yes
configure:4850: checking for /usr/bin/ld option to reload object files
configure:4857: result: -r
configure:4926: checking for objdump
configure:4942: found /usr/bin/objdump
configure:4953: result: objdump
configure:4985: checking how to recognize dependent libraries
configure:5181: result: pass_all
configure:5241: checking for ar
configure:5257: found /usr/bin/ar
configure:5268: result: ar
configure:5346: checking for strip
configure:5362: found /usr/bin/strip
configure:5373: result: strip
configure:5445: checking for ranlib
configure:5461: found /usr/bin/ranlib
configure:5472: result: ranlib
configure:5562: checking command to parse /usr/bin/nm -B output from gcc object
configure:5680: gcc -c -g -O2  conftest.c >&5
configure:5683: $? = 0
configure:5687: /usr/bin/nm -B conftest.o \| sed -n -e 's/^.*[	 ]\([ABCDGIRSTW][ABCDGIRSTW]*\)[	 ][	 ]*\([_A-Za-z][_A-Za-z0-9]*\)$/\1 \2 \2/p' \> conftest.nm
configure:5690: $? = 0
configure:5744: gcc -o conftest -g -O2   conftest.c conftstm.o >&5
configure:5747: $? = 0
configure:5785: result: ok
configure:5881: gcc -c -g -O2  conftest.c >&5
configure:5884: $? = 0
configure:6594: checking how to run the C preprocessor
configure:6625: gcc -E  conftest.c
configure:6625: $? = 0
configure:6639: gcc -E  conftest.c
conftest.c:11:28: fatal error: ac_nonexistent.h: No such file or directory
compilation terminated.
configure:6639: $? = 1
configure: failed program was:
| /* confdefs.h */
| #define PACKAGE_NAME "spglib"
| #define PACKAGE_TARNAME "spglib"
| #define PACKAGE_VERSION "1.0.8"
| #define PACKAGE_STRING "spglib 1.0.8"
| #define PACKAGE_BUGREPORT "atz.togo@gmail.com"
| #define PACKAGE_URL ""
| #define PACKAGE "spglib"
| #define VERSION "1.0.8"
| /* end confdefs.h.  */
| #include <ac_nonexistent.h>
configure:6664: result: gcc -E
configure:6684: gcc -E  conftest.c
configure:6684: $? = 0
configure:6698: gcc -E  conftest.c
conftest.c:11:28: fatal error: ac_nonexistent.h: No such file or directory
compilation terminated.
configure:6698: $? = 1
configure: failed program was:
| /* confdefs.h */
| #define PACKAGE_NAME "spglib"
| #define PACKAGE_TARNAME "spglib"
| #define PACKAGE_VERSION "1.0.8"
| #define PACKAGE_STRING "spglib 1.0.8"
| #define PACKAGE_BUGREPORT "atz.togo@gmail.com"
| #define PACKAGE_URL ""
| #define PACKAGE "spglib"
| #define VERSION "1.0.8"
| /* end confdefs.h.  */
| #include <ac_nonexistent.h>
configure:6727: checking for ANSI C header files
configure:6747: gcc -c -g -O2  conftest.c >&5
configure:6747: $? = 0
configure:6820: gcc -o conftest -g -O2   conftest.c  >&5
configure:6820: $? = 0
configure:6820: ./conftest
configure:6820: $? = 0
configure:6831: result: yes
configure:6844: checking for sys/types.h
configure:6844: gcc -c -g -O2  conftest.c >&5
configure:6844: $? = 0
configure:6844: result: yes
configure:6844: checking for sys/stat.h
configure:6844: gcc -c -g -O2  conftest.c >&5
configure:6844: $? = 0
configure:6844: result: yes
configure:6844: checking for stdlib.h
configure:6844: gcc -c -g -O2  conftest.c >&5
configure:6844: $? = 0
configure:6844: result: yes
configure:6844: checking for string.h
configure:6844: gcc -c -g -O2  conftest.c >&5
configure:6844: $? = 0
configure:6844: result: yes
configure:6844: checking for memory.h
configure:6844: gcc -c -g -O2  conftest.c >&5
configure:6844: $? = 0
configure:6844: result: yes
configure:6844: checking for strings.h
configure:6844: gcc -c -g -O2  conftest.c >&5
configure:6844: $? = 0
configure:6844: result: yes
configure:6844: checking for inttypes.h
configure:6844: gcc -c -g -O2  conftest.c >&5
configure:6844: $? = 0
configure:6844: result: yes
configure:6844: checking for stdint.h
configure:6844: gcc -c -g -O2  conftest.c >&5
configure:6844: $? = 0
configure:6844: result: yes
configure:6844: checking for unistd.h
configure:6844: gcc -c -g -O2  conftest.c >&5
configure:6844: $? = 0
configure:6844: result: yes
configure:6858: checking for dlfcn.h
configure:6858: gcc -c -g -O2  conftest.c >&5
configure:6858: $? = 0
configure:6858: result: yes
configure:7042: checking for objdir
configure:7057: result: .libs
configure:7353: checking if gcc supports -fno-rtti -fno-exceptions
configure:7371: gcc -c -g -O2  -fno-rtti -fno-exceptions conftest.c >&5
cc1: warning: command line option '-fno-rtti' is valid for C++/ObjC++ but not for C [enabled by default]
configure:7375: $? = 0
configure:7388: result: no
configure:7408: checking for gcc option to produce PIC
configure:7680: result: -fPIC -DPIC
configure:7692: checking if gcc PIC flag -fPIC -DPIC works
configure:7710: gcc -c -g -O2  -fPIC -DPIC -DPIC conftest.c >&5
configure:7714: $? = 0
configure:7727: result: yes
configure:7751: checking if gcc static flag -static works
configure:7779: result: yes
configure:7794: checking if gcc supports -c -o file.o
configure:7815: gcc -c -g -O2  -o out/conftest2.o conftest.c >&5
configure:7819: $? = 0
configure:7841: result: yes
configure:7849: checking if gcc supports -c -o file.o
configure:7896: result: yes
configure:7929: checking whether the gcc linker (/usr/bin/ld -m elf_x86_64) supports shared libraries
configure:8920: result: yes
configure:8957: checking whether -lc should be explicitly linked in
configure:8962: gcc -c -g -O2  conftest.c >&5
configure:8965: $? = 0
configure:8980: gcc -shared conftest.o  -v -Wl,-soname -Wl,conftest -o conftest 2\>\&1 \| /bin/grep  -lc  \>/dev/null 2\>\&1
configure:8983: $? = 0
configure:8995: result: no
configure:9159: checking dynamic linker characteristics
configure:9592: gcc -o conftest -g -O2   -Wl,-rpath -Wl,/foo conftest.c  >&5
configure:9592: $? = 0
configure:9822: result: GNU/Linux ld.so
configure:9924: checking how to hardcode library paths into programs
configure:9949: result: immediate
configure:10469: checking whether stripping libraries is possible
configure:10474: result: yes
configure:10509: checking if libtool supports shared libraries
configure:10511: result: yes
configure:10514: checking whether to build shared libraries
configure:10535: result: yes
configure:10538: checking whether to build static libraries
configure:10542: result: yes
configure:10581: checking for ANSI C header files
configure:10685: result: yes
configure:10696: checking for stdlib.h
configure:10696: result: yes
configure:10696: checking for string.h
configure:10696: result: yes
configure:10696: checking math.h usability
configure:10696: gcc -c -g -O2  conftest.c >&5
configure:10696: $? = 0
configure:10696: result: yes
configure:10696: checking math.h presence
configure:10696: gcc -E  conftest.c
configure:10696: $? = 0
configure:10696: result: yes
configure:10696: checking for math.h
configure:10696: result: yes
configure:10721: checking for an ANSI C-conforming const
configure:10787: gcc -c -g -O2  conftest.c >&5
configure:10787: $? = 0
configure:10794: result: yes
configure:10806: checking for stdlib.h
configure:10806: result: yes
configure:10816: checking for GNU libc compatible malloc
configure:10840: gcc -o conftest -g -O2   conftest.c  >&5
configure:10840: $? = 0
configure:10840: ./conftest
configure:10840: $? = 0
configure:10850: result: yes
configure:11007: creating ./config.status

## ---------------- ##
## Cache variables. ##
## ---------------- ##

ac_cv_build=x86_64-unknown-linux-gnu
ac_cv_c_compiler_gnu=yes
ac_cv_c_const=yes
ac_cv_env_CC_set=
ac_cv_env_CC_value=
ac_cv_env_CFLAGS_set=
ac_cv_env_CFLAGS_value=
ac_cv_env_CPPFLAGS_set=
ac_cv_env_CPPFLAGS_value=
ac_cv_env_CPP_set=
ac_cv_env_CPP_value=
ac_cv_env_LDFLAGS_set=
ac_cv_env_LDFLAGS_value=
ac_cv_env_LIBS_set=
ac_cv_env_LIBS_value=
ac_cv_env_build_alias_set=
ac_cv_env_build_alias_value=
ac_cv_env_host_alias_set=
ac_cv_env_host_alias_value=
ac_cv_env_target_alias_set=
ac_cv_env_target_alias_value=
ac_cv_func_malloc_0_nonnull=yes
ac_cv_header_dlfcn_h=yes
ac_cv_header_inttypes_h=yes
ac_cv_header_math_h=yes
ac_cv_header_memory_h=yes
ac_cv_header_stdc=yes
ac_cv_header_stdint_h=yes
ac_cv_header_stdlib_h=yes
ac_cv_header_string_h=yes
ac_cv_header_strings_h=yes
ac_cv_header_sys_stat_h=yes
ac_cv_header_sys_types_h=yes
ac_cv_header_unistd_h=yes
ac_cv_host=x86_64-unknown-linux-gnu
ac_cv_objext=o
ac_cv_path_EGREP='/bin/grep -E'
ac_cv_path_FGREP='/bin/grep -F'
ac_cv_path_GREP=/bin/grep
ac_cv_path_SED=/bin/sed
ac_cv_path_install='/usr/bin/install -c'
ac_cv_path_mkdir=/bin/mkdir
ac_cv_prog_AWK=gawk
ac_cv_prog_CPP='gcc -E'
ac_cv_prog_ac_ct_AR=ar
ac_cv_prog_ac_ct_CC=gcc
ac_cv_prog_ac_ct_OBJDUMP=objdump
ac_cv_prog_ac_ct_RANLIB=ranlib
ac_cv_prog_ac_ct_STRIP=strip
ac_cv_prog_cc_c89=
ac_cv_prog_cc_g=yes
ac_cv_prog_cc_gcc_c_o=yes
ac_cv_prog_make_make_set=yes
am_cv_CC_dependencies_compiler_type=gcc3
lt_cv_deplibs_check_method=pass_all
lt_cv_file_magic_cmd='$MAGIC_CMD'
lt_cv_file_magic_test_file=
lt_cv_ld_reload_flag=-r
lt_cv_nm_interface='BSD nm'
lt_cv_objdir=.libs
lt_cv_path_LD=/usr/bin/ld
lt_cv_path_NM='/usr/bin/nm -B'
lt_cv_prog_compiler_c_o=yes
lt_cv_prog_compiler_pic_works=yes
lt_cv_prog_compiler_rtti_exceptions=no
lt_cv_prog_compiler_static_works=yes
lt_cv_prog_gnu_ld=yes
lt_cv_sys_global_symbol_pipe='sed -n -e '\''s/^.*[	 ]\([ABCDGIRSTW][ABCDGIRSTW]*\)[	 ][	 ]*\([_A-Za-z][_A-Za-z0-9]*\)$/\1 \2 \2/p'\'''
lt_cv_sys_global_symbol_to_c_name_address='sed -n -e '\''s/^: \([^ ]*\) $/  {\"\1\", (void *) 0},/p'\'' -e '\''s/^[ABCDGIRSTW]* \([^ ]*\) \([^ ]*\)$/  {"\2", (void *) \&\2},/p'\'''
lt_cv_sys_global_symbol_to_c_name_address_lib_prefix='sed -n -e '\''s/^: \([^ ]*\) $/  {\"\1\", (void *) 0},/p'\'' -e '\''s/^[ABCDGIRSTW]* \([^ ]*\) \(lib[^ ]*\)$/  {"\2", (void *) \&\2},/p'\'' -e '\''s/^[ABCDGIRSTW]* \([^ ]*\) \([^ ]*\)$/  {"lib\2", (void *) \&\2},/p'\'''
lt_cv_sys_global_symbol_to_cdecl='sed -n -e '\''s/^T .* \(.*\)$/extern int \1();/p'\'' -e '\''s/^[ABCDGIRSTW]* .* \(.*\)$/extern char \1;/p'\'''
lt_cv_sys_max_cmd_len=3458764513820540925

## ----------------- ##
## Output variables. ##
## ----------------- ##

ACLOCAL='${SHELL} /home/aurban/projects/notb/src/libsrc/spglib/missing --run aclocal-1.11'
AMDEPBACKSLASH='\'
AMDEP_FALSE='#'
AMDEP_TRUE=''
AMTAR='$${TAR-tar}'
AR='ar'
AUTOCONF='${SHELL} /home/aurban/projects/notb/src/libsrc/spglib/missing --run autoconf'
AUTOHEADER='${SHELL} /home/aurban/projects/notb/src/libsrc/spglib/missing --run autoheader'
AUTOMAKE='${SHELL} /home/aurban/projects/notb/src/libsrc/spglib/missing --run automake-1.11'
AWK='gawk'
CC='gcc'
CCDEPMODE='depmode=gcc3'
CFLAGS='-g -O2'
CPP='gcc -E'
CPPFLAGS=''
CYGPATH_W='echo'
DEFS='-DHAVE_CONFIG_H'
DEPDIR='.deps'
DSYMUTIL=''
DUMPBIN=''
ECHO_C=''
ECHO_N='-n'
ECHO_T=''
EGREP='/bin/grep -E'
EXEEXT=''
FGREP='/bin/grep -F'
GREP='/bin/grep'
INSTALL_DATA='${INSTALL} -m 644'
INSTALL_PROGRAM='${INSTALL}'
INSTALL_SCRIPT='${INSTALL}'
INSTALL_STRIP_PROGRAM='$(install_sh) -c -s'
LD='/usr/bin/ld -m elf_x86_64'
LDFLAGS=''
LIBOBJS=''
LIBS=''
LIBTOOL='$(SHELL) $(top_builddir)/libtool'
LIPO=''
LN_S='ln -s'
LTLIBOBJS=''
MAKEINFO='${SHELL} /home/aurban/projects/notb/src/libsrc/spglib/missing --run makeinfo'
MKDIR_P='/bin/mkdir -p'
NM='/usr/bin/nm -B'
NMEDIT=''
OBJDUMP='objdump'
OBJEXT='o'
OTOOL64=''
OTOOL=''
PACKAGE='spglib'
PACKAGE_BUGREPORT='atz.togo@gmail.com'
PACKAGE_NAME='spglib'
PACKAGE_STRING='spglib 1.0.8'
PACKAGE_TARNAME='spglib'
PACKAGE_URL=''
PACKAGE_VERSION='1.0.8'
PATH_SEPARATOR=':'
RANLIB='ranlib'
SED='/bin/sed'
SET_MAKE=''
SHELL='/bin/bash'
STRIP='strip'
VERSION='1.0.8'
ac_ct_CC='gcc'
ac_ct_DUMPBIN=''
am__EXEEXT_FALSE=''
am__EXEEXT_TRUE='#'
am__fastdepCC_FALSE='#'
am__fastdepCC_TRUE=''
am__include='include'
am__isrc=''
am__leading_dot='.'
am__nodep='_no'
am__quote=''
am__tar='$${TAR-tar} chof - "$$tardir"'
am__untar='$${TAR-tar} xf -'
bindir='${exec_prefix}/bin'
build='x86_64-unknown-linux-gnu'
build_alias=''
build_cpu='x86_64'
build_os='linux-gnu'
build_vendor='unknown'
datadir='${datarootdir}'
datarootdir='${prefix}/share'
docdir='${datarootdir}/doc/${PACKAGE_TARNAME}'
dvidir='${docdir}'
exec_prefix='${prefix}'
host='x86_64-unknown-linux-gnu'
host_alias=''
host_cpu='x86_64'
host_os='linux-gnu'
host_vendor='unknown'
htmldir='${docdir}'
includedir='${prefix}/include'
infodir='${datarootdir}/info'
install_sh='${SHELL} /home/aurban/projects/notb/src/libsrc/spglib/install-sh'
libdir='${exec_prefix}/lib'
libexecdir='${exec_prefix}/libexec'
localedir='${datarootdir}/locale'
localstatedir='${prefix}/var'
lt_ECHO='echo'
mandir='${datarootdir}/man'
mkdir_p='/bin/mkdir -p'
oldincludedir='/usr/include'
pdfdir='${docdir}'
prefix='/usr/local'
program_transform_name='s,x,x,'
psdir='${docdir}'
sbindir='${exec_prefix}/sbin'
sharedstatedir='${prefix}/com'
sysconfdir='${prefix}/etc'
target_alias=''

## ----------- ##
## confdefs.h. ##
## ----------- ##

/* confdefs.h */
#define PACKAGE_NAME "spglib"
#define PACKAGE_TARNAME "spglib"
#define PACKAGE_VERSION "1.0.8"
#define PACKAGE_STRING "spglib 1.0.8"
#define PACKAGE_BUGREPORT "atz.togo@gmail.com"
#define PACKAGE_URL ""
#define PACKAGE "spglib"
#define VERSION "1.0.8"
#define STDC_HEADERS 1
#define HAVE_SYS_TYPES_H 1
#define HAVE_SYS_STAT_H 1
#define HAVE_STDLIB_H 1
#define HAVE_STRING_H 1
#define HAVE_MEMORY_H 1
#define HAVE_STRINGS_H 1
#define HAVE_INTTYPES_H 1
#define HAVE_STDINT_H 1
#define HAVE_UNISTD_H 1
#define HAVE_DLFCN_H 1
#define LT_OBJDIR ".libs/"
#define STDC_HEADERS 1
#define HAVE_STDLIB_H 1
#define HAVE_STRING_H 1
#define HAVE_MATH_H 1
#define HAVE_STDLIB_H 1
#define HAVE_MALLOC 1

configure: exit 0

## ---------------------- ##
## Running config.status. ##
## ---------------------- ##

This file was extended by spglib config.status 1.0.8, which was
generated by GNU Autoconf 2.69.  Invocation command line was

  CONFIG_FILES    = 
  CONFIG_HEADERS  = 
  CONFIG_LINKS    = 
  CONFIG_COMMANDS = 
  $ ./config.status 

on alex-t5600

config.status:1067: creating Makefile
config.status:1067: creating src/Makefile
config.status:1067: creating config.h
config.status:1248: config.h is unchanged
config.status:1296: executing depfiles commands
config.status:1296: executing libtool commands

## ---------------------- ##
## Running config.status. ##
## ---------------------- ##

This file was extended by spglib config.status 1.0.8, which was
generated by GNU Autoconf 2.69.  Invocation command line was

  CONFIG_FILES    = 
  CONFIG_HEADERS  = 
  CONFIG_LINKS    = 
  CONFIG_COMMANDS = 
  $ ./config.status config.h

on alex-t5600

config.status:1067: creating config.h
config.status:1248: config.h is unchanged
